2023-03-23 15:52:45.639 [main] INFO  calculator.Calculator - [FACTORIAL] - 5.0
2023-03-23 15:52:45.641 [main] INFO  calculator.Calculator - [RESULT - FACTORIAL] - 120.0
2023-03-23 15:52:45.642 [main] INFO  calculator.Calculator - [FACTORIAL] - 6.0
2023-03-23 15:52:45.642 [main] INFO  calculator.Calculator - [RESULT - FACTORIAL] - 720.0
2023-03-23 15:52:45.642 [main] INFO  calculator.Calculator - [FACTORIAL] - 4.0
2023-03-23 15:52:45.642 [main] INFO  calculator.Calculator - [RESULT - FACTORIAL] - 24.0
2023-03-23 15:52:45.643 [main] INFO  calculator.Calculator - [FACTORIAL] - 2.0
2023-03-23 15:52:45.643 [main] INFO  calculator.Calculator - [RESULT - FACTORIAL] - 2.0
2023-03-23 15:52:45.643 [main] INFO  calculator.Calculator - [FACTORIAL] - 0.0
2023-03-23 15:52:45.643 [main] INFO  calculator.Calculator - [RESULT - FACTORIAL] - 1.0
2023-03-23 15:52:45.645 [main] INFO  calculator.Calculator - [SQUARE ROOT] - 16.0
2023-03-23 15:52:45.645 [main] INFO  calculator.Calculator - [RESULT - SQUARE ROOT] - 4.0
2023-03-23 15:52:45.646 [main] INFO  calculator.Calculator - [SQUARE ROOT] - 1.0
2023-03-23 15:52:45.646 [main] INFO  calculator.Calculator - [RESULT - SQUARE ROOT] - 1.0
2023-03-23 15:52:45.646 [main] INFO  calculator.Calculator - [SQUARE ROOT] - 81.0
2023-03-23 15:52:45.646 [main] INFO  calculator.Calculator - [RESULT - SQUARE ROOT] - 9.0
2023-03-23 15:52:45.647 [main] INFO  calculator.Calculator - [SQUARE ROOT] - 36.0
2023-03-23 15:52:45.647 [main] INFO  calculator.Calculator - [RESULT - SQUARE ROOT] - 6.0
2023-03-23 15:52:45.655 [main] INFO  calculator.Calculator - [ADDITION] - 4.56 TO 2.34
2023-03-23 15:52:45.656 [main] INFO  calculator.Calculator - [RESULT - ADDITION] - 6.8999999999999995
2023-03-23 15:52:45.656 [main] INFO  calculator.Calculator - [ADDITION] - 3.45672 TO 9.0
2023-03-23 15:52:45.657 [main] INFO  calculator.Calculator - [RESULT - ADDITION] - 12.45672
2023-03-23 15:52:45.657 [main] INFO  calculator.Calculator - [ADDITION] - 4.0 TO 2.3221
2023-03-23 15:52:45.657 [main] INFO  calculator.Calculator - [RESULT - ADDITION] - 6.3221
2023-03-23 15:52:45.658 [main] INFO  calculator.Calculator - [ADDITION] - 3.0 TO 9.0
2023-03-23 15:52:45.658 [main] INFO  calculator.Calculator - [RESULT - ADDITION] - 12.0
2023-03-23 15:52:45.659 [main] INFO  calculator.Calculator - [SQUARE ROOT] - 3.0
2023-03-23 15:52:45.659 [main] INFO  calculator.Calculator - [RESULT - SQUARE ROOT] - 1.7320508075688772
2023-03-23 15:52:45.659 [main] INFO  calculator.Calculator - [SQUARE ROOT] - 4.0
2023-03-23 15:52:45.659 [main] INFO  calculator.Calculator - [RESULT - SQUARE ROOT] - 2.0
2023-03-23 15:52:45.660 [main] INFO  calculator.Calculator - [SQUARE ROOT] - 81.0
2023-03-23 15:52:45.660 [main] INFO  calculator.Calculator - [RESULT - SQUARE ROOT] - 9.0
2023-03-23 15:52:45.660 [main] INFO  calculator.Calculator - [SQUARE ROOT] - 36.0
2023-03-23 15:52:45.660 [main] INFO  calculator.Calculator - [RESULT - SQUARE ROOT] - 6.0
2023-03-23 15:52:45.661 [main] INFO  calculator.Calculator - [SUBTRACTION] - 4.0 FROM 78.3221
2023-03-23 15:52:45.662 [main] INFO  calculator.Calculator - [RESULT - SUBTRACTION] - 74.3221
2023-03-23 15:52:45.662 [main] INFO  calculator.Calculator - [SUBTRACTION] - 1.0 FROM 9.0
2023-03-23 15:52:45.662 [main] INFO  calculator.Calculator - [RESULT - SUBTRACTION] - 8.0
2023-03-23 15:52:45.663 [main] INFO  calculator.Calculator - [NATURAL LOG] - 1.0
2023-03-23 15:52:45.663 [main] INFO  calculator.Calculator - [RESULT - NATURAL LOG] - 0.0
2023-03-23 15:52:45.664 [main] INFO  calculator.Calculator - [FACTORIAL] - 6.0
2023-03-23 15:52:45.664 [main] INFO  calculator.Calculator - [RESULT - FACTORIAL] - 720.0
2023-03-23 15:52:45.664 [main] INFO  calculator.Calculator - [FACTORIAL] - 1.0
2023-03-23 15:52:45.664 [main] INFO  calculator.Calculator - [RESULT - FACTORIAL] - 1.0
2023-03-23 15:52:45.664 [main] INFO  calculator.Calculator - [FACTORIAL] - 3.0
2023-03-23 15:52:45.665 [main] INFO  calculator.Calculator - [RESULT - FACTORIAL] - 6.0
2023-03-23 15:52:45.665 [main] INFO  calculator.Calculator - [FACTORIAL] - 4.0
2023-03-23 15:52:45.665 [main] INFO  calculator.Calculator - [RESULT - FACTORIAL] - 24.0
2023-03-23 15:52:45.665 [main] INFO  calculator.Calculator - [FACTORIAL] - 0.0
2023-03-23 15:52:45.666 [main] INFO  calculator.Calculator - [RESULT - FACTORIAL] - 1.0
2023-03-23 15:52:45.667 [main] INFO  calculator.Calculator - [MULTIPLICATION] - 0.678 TO 2.34
2023-03-23 15:52:45.667 [main] INFO  calculator.Calculator - [RESULT - MULTIPLICATION] - 1.58652
2023-03-23 15:52:45.668 [main] INFO  calculator.Calculator - [MULTIPLICATION] - 0.0 TO 9.87
2023-03-23 15:52:45.668 [main] INFO  calculator.Calculator - [RESULT - MULTIPLICATION] - 0.0
2023-03-23 15:52:45.669 [main] INFO  calculator.Calculator - [POWER - 2.0 RAISED TO] 3.0
2023-03-23 15:52:45.669 [main] INFO  calculator.Calculator - [RESULT - POWER] - 8.0
2023-03-23 15:52:45.669 [main] INFO  calculator.Calculator - [POWER - 3.0 RAISED TO] 3.0
2023-03-23 15:52:45.670 [main] INFO  calculator.Calculator - [RESULT - POWER] - 27.0
2023-03-23 15:52:45.670 [main] INFO  calculator.Calculator - [POWER - 4.0 RAISED TO] 3.0
2023-03-23 15:52:45.670 [main] INFO  calculator.Calculator - [RESULT - POWER] - 64.0
2023-03-23 15:52:45.670 [main] INFO  calculator.Calculator - [POWER - 5.0 RAISED TO] 3.0
2023-03-23 15:52:45.671 [main] INFO  calculator.Calculator - [RESULT - POWER] - 125.0
2023-03-23 15:52:45.671 [main] INFO  calculator.Calculator - [MULTIPLICATION] - 4.0 TO 78.3221
2023-03-23 15:52:45.672 [main] INFO  calculator.Calculator - [RESULT - MULTIPLICATION] - 313.2884
2023-03-23 15:52:45.672 [main] INFO  calculator.Calculator - [MULTIPLICATION] - 1.0 TO 9.0
2023-03-23 15:52:45.672 [main] INFO  calculator.Calculator - [RESULT - MULTIPLICATION] - 9.0
2023-03-23 15:52:45.673 [main] INFO  calculator.Calculator - [DIVISION] - 0.678 BY 2.34
2023-03-23 15:52:45.674 [main] INFO  calculator.Calculator - [RESULT - DIVISION] - 3.451327433628318
2023-03-23 15:52:45.674 [main] INFO  calculator.Calculator - [DIVISION] - 1.0 BY 9.87
2023-03-23 15:52:45.674 [main] INFO  calculator.Calculator - [RESULT - DIVISION] - 9.87
2023-03-23 15:52:45.675 [main] INFO  calculator.Calculator - [POWER - 2.0 RAISED TO] 3.0
2023-03-23 15:52:45.675 [main] INFO  calculator.Calculator - [RESULT - POWER] - 8.0
2023-03-23 15:52:45.676 [main] INFO  calculator.Calculator - [POWER - 1.0 RAISED TO] 3.0
2023-03-23 15:52:45.676 [main] INFO  calculator.Calculator - [RESULT - POWER] - 1.0
2023-03-23 15:52:45.676 [main] INFO  calculator.Calculator - [POWER - 3.0 RAISED TO] 4.0
2023-03-23 15:52:45.677 [main] INFO  calculator.Calculator - [RESULT - POWER] - 81.0
2023-03-23 15:52:45.677 [main] INFO  calculator.Calculator - [POWER - 4.0 RAISED TO] 3.0
2023-03-23 15:52:45.677 [main] INFO  calculator.Calculator - [RESULT - POWER] - 64.0
2023-03-23 15:52:45.677 [main] INFO  calculator.Calculator - [POWER - 5.0 RAISED TO] 2.0
2023-03-23 15:52:45.678 [main] INFO  calculator.Calculator - [RESULT - POWER] - 25.0
2023-03-23 15:52:45.678 [main] INFO  calculator.Calculator - [NATURAL LOG] - 2.4
2023-03-23 15:52:45.678 [main] INFO  calculator.Calculator - [RESULT - NATURAL LOG] - 0.8754687373538999
2023-03-23 15:52:45.679 [main] INFO  calculator.Calculator - [NATURAL LOG] - 2.1
2023-03-23 15:52:45.679 [main] INFO  calculator.Calculator - [RESULT - NATURAL LOG] - 0.7419373447293773
2023-03-23 15:52:45.679 [main] INFO  calculator.Calculator - [DIVISION] - 4.0 BY 78.3221
2023-03-23 15:52:45.680 [main] INFO  calculator.Calculator - [RESULT - DIVISION] - 19.580525
2023-03-23 15:52:45.680 [main] INFO  calculator.Calculator - [DIVISION] - 1.0 BY 9.0
2023-03-23 15:52:45.680 [main] INFO  calculator.Calculator - [RESULT - DIVISION] - 9.0
2023-03-23 15:52:45.681 [main] INFO  calculator.Calculator - [SUBTRACTION] - 0.678 FROM 2.34
2023-03-23 15:52:45.681 [main] INFO  calculator.Calculator - [RESULT - SUBTRACTION] - 1.662
2023-03-23 15:52:45.682 [main] INFO  calculator.Calculator - [SUBTRACTION] - 3.45672 FROM 9.0
2023-03-23 15:52:45.682 [main] INFO  calculator.Calculator - [RESULT - SUBTRACTION] - 5.54328
2023-03-23 15:53:49.520 [main] INFO  calculator.Calculator - [SUBTRACTION] - 1.3232 FROM 2.4343
2023-03-23 15:53:49.525 [main] INFO  calculator.Calculator - [RESULT - SUBTRACTION] - 1.1111
2023-03-23 17:09:46.912 [main] INFO  calculator.Calculator - [FACTORIAL] - 5.0
2023-03-23 17:09:46.914 [main] INFO  calculator.Calculator - [RESULT - FACTORIAL] - 120.0
2023-03-23 17:09:46.914 [main] INFO  calculator.Calculator - [FACTORIAL] - 6.0
2023-03-23 17:09:46.915 [main] INFO  calculator.Calculator - [RESULT - FACTORIAL] - 720.0
2023-03-23 17:09:46.915 [main] INFO  calculator.Calculator - [FACTORIAL] - 4.0
2023-03-23 17:09:46.915 [main] INFO  calculator.Calculator - [RESULT - FACTORIAL] - 24.0
2023-03-23 17:09:46.916 [main] INFO  calculator.Calculator - [FACTORIAL] - 2.0
2023-03-23 17:09:46.916 [main] INFO  calculator.Calculator - [RESULT - FACTORIAL] - 2.0
2023-03-23 17:09:46.916 [main] INFO  calculator.Calculator - [FACTORIAL] - 0.0
2023-03-23 17:09:46.916 [main] INFO  calculator.Calculator - [RESULT - FACTORIAL] - 1.0
2023-03-23 17:09:46.918 [main] INFO  calculator.Calculator - [SQUARE ROOT] - 16.0
2023-03-23 17:09:46.919 [main] INFO  calculator.Calculator - [RESULT - SQUARE ROOT] - 4.0
2023-03-23 17:09:46.919 [main] INFO  calculator.Calculator - [SQUARE ROOT] - 1.0
2023-03-23 17:09:46.919 [main] INFO  calculator.Calculator - [RESULT - SQUARE ROOT] - 1.0
2023-03-23 17:09:46.919 [main] INFO  calculator.Calculator - [SQUARE ROOT] - 81.0
2023-03-23 17:09:46.920 [main] INFO  calculator.Calculator - [RESULT - SQUARE ROOT] - 9.0
2023-03-23 17:09:46.920 [main] INFO  calculator.Calculator - [SQUARE ROOT] - 36.0
2023-03-23 17:09:46.920 [main] INFO  calculator.Calculator - [RESULT - SQUARE ROOT] - 6.0
2023-03-23 17:09:46.930 [main] INFO  calculator.Calculator - [ADDITION] - 4.56 TO 2.34
2023-03-23 17:09:46.930 [main] INFO  calculator.Calculator - [RESULT - ADDITION] - 6.8999999999999995
2023-03-23 17:09:46.931 [main] INFO  calculator.Calculator - [ADDITION] - 3.45672 TO 9.0
2023-03-23 17:09:46.931 [main] INFO  calculator.Calculator - [RESULT - ADDITION] - 12.45672
2023-03-23 17:09:46.932 [main] INFO  calculator.Calculator - [ADDITION] - 4.0 TO 2.3221
2023-03-23 17:09:46.932 [main] INFO  calculator.Calculator - [RESULT - ADDITION] - 6.3221
2023-03-23 17:09:46.933 [main] INFO  calculator.Calculator - [ADDITION] - 3.0 TO 9.0
2023-03-23 17:09:46.933 [main] INFO  calculator.Calculator - [RESULT - ADDITION] - 12.0
2023-03-23 17:09:46.934 [main] INFO  calculator.Calculator - [SQUARE ROOT] - 3.0
2023-03-23 17:09:46.934 [main] INFO  calculator.Calculator - [RESULT - SQUARE ROOT] - 1.7320508075688772
2023-03-23 17:09:46.935 [main] INFO  calculator.Calculator - [SQUARE ROOT] - 4.0
2023-03-23 17:09:46.935 [main] INFO  calculator.Calculator - [RESULT - SQUARE ROOT] - 2.0
2023-03-23 17:09:46.935 [main] INFO  calculator.Calculator - [SQUARE ROOT] - 81.0
2023-03-23 17:09:46.936 [main] INFO  calculator.Calculator - [RESULT - SQUARE ROOT] - 9.0
2023-03-23 17:09:46.936 [main] INFO  calculator.Calculator - [SQUARE ROOT] - 36.0
2023-03-23 17:09:46.936 [main] INFO  calculator.Calculator - [RESULT - SQUARE ROOT] - 6.0
2023-03-23 17:09:46.938 [main] INFO  calculator.Calculator - [SUBTRACTION] - 4.0 FROM 78.3221
2023-03-23 17:09:46.938 [main] INFO  calculator.Calculator - [RESULT - SUBTRACTION] - 74.3221
2023-03-23 17:09:46.939 [main] INFO  calculator.Calculator - [SUBTRACTION] - 1.0 FROM 9.0
2023-03-23 17:09:46.939 [main] INFO  calculator.Calculator - [RESULT - SUBTRACTION] - 8.0
2023-03-23 17:09:46.940 [main] INFO  calculator.Calculator - [NATURAL LOG] - 1.0
2023-03-23 17:09:46.942 [main] INFO  calculator.Calculator - [RESULT - NATURAL LOG] - 0.0
2023-03-23 17:09:46.943 [main] INFO  calculator.Calculator - [FACTORIAL] - 6.0
2023-03-23 17:09:46.943 [main] INFO  calculator.Calculator - [RESULT - FACTORIAL] - 720.0
2023-03-23 17:09:46.944 [main] INFO  calculator.Calculator - [FACTORIAL] - 1.0
2023-03-23 17:09:46.944 [main] INFO  calculator.Calculator - [RESULT - FACTORIAL] - 1.0
2023-03-23 17:09:46.944 [main] INFO  calculator.Calculator - [FACTORIAL] - 3.0
2023-03-23 17:09:46.944 [main] INFO  calculator.Calculator - [RESULT - FACTORIAL] - 6.0
2023-03-23 17:09:46.945 [main] INFO  calculator.Calculator - [FACTORIAL] - 4.0
2023-03-23 17:09:46.945 [main] INFO  calculator.Calculator - [RESULT - FACTORIAL] - 24.0
2023-03-23 17:09:46.945 [main] INFO  calculator.Calculator - [FACTORIAL] - 0.0
2023-03-23 17:09:46.945 [main] INFO  calculator.Calculator - [RESULT - FACTORIAL] - 1.0
2023-03-23 17:09:46.946 [main] INFO  calculator.Calculator - [MULTIPLICATION] - 0.678 TO 2.34
2023-03-23 17:09:46.947 [main] INFO  calculator.Calculator - [RESULT - MULTIPLICATION] - 1.58652
2023-03-23 17:09:46.947 [main] INFO  calculator.Calculator - [MULTIPLICATION] - 0.0 TO 9.87
2023-03-23 17:09:46.948 [main] INFO  calculator.Calculator - [RESULT - MULTIPLICATION] - 0.0
2023-03-23 17:09:46.949 [main] INFO  calculator.Calculator - [POWER - 2.0 RAISED TO] 3.0
2023-03-23 17:09:46.949 [main] INFO  calculator.Calculator - [RESULT - POWER] - 8.0
2023-03-23 17:09:46.949 [main] INFO  calculator.Calculator - [POWER - 3.0 RAISED TO] 3.0
2023-03-23 17:09:46.950 [main] INFO  calculator.Calculator - [RESULT - POWER] - 27.0
2023-03-23 17:09:46.950 [main] INFO  calculator.Calculator - [POWER - 4.0 RAISED TO] 3.0
2023-03-23 17:09:46.950 [main] INFO  calculator.Calculator - [RESULT - POWER] - 64.0
2023-03-23 17:09:46.950 [main] INFO  calculator.Calculator - [POWER - 5.0 RAISED TO] 3.0
2023-03-23 17:09:46.951 [main] INFO  calculator.Calculator - [RESULT - POWER] - 125.0
2023-03-23 17:09:46.951 [main] INFO  calculator.Calculator - [MULTIPLICATION] - 4.0 TO 78.3221
2023-03-23 17:09:46.952 [main] INFO  calculator.Calculator - [RESULT - MULTIPLICATION] - 313.2884
2023-03-23 17:09:46.952 [main] INFO  calculator.Calculator - [MULTIPLICATION] - 1.0 TO 9.0
2023-03-23 17:09:46.952 [main] INFO  calculator.Calculator - [RESULT - MULTIPLICATION] - 9.0
2023-03-23 17:09:46.953 [main] INFO  calculator.Calculator - [DIVISION] - 0.678 BY 2.34
2023-03-23 17:09:46.954 [main] INFO  calculator.Calculator - [RESULT - DIVISION] - 3.451327433628318
2023-03-23 17:09:46.954 [main] INFO  calculator.Calculator - [DIVISION] - 1.0 BY 9.87
2023-03-23 17:09:46.954 [main] INFO  calculator.Calculator - [RESULT - DIVISION] - 9.87
2023-03-23 17:09:46.955 [main] INFO  calculator.Calculator - [POWER - 2.0 RAISED TO] 3.0
2023-03-23 17:09:46.955 [main] INFO  calculator.Calculator - [RESULT - POWER] - 8.0
2023-03-23 17:09:46.956 [main] INFO  calculator.Calculator - [POWER - 1.0 RAISED TO] 3.0
2023-03-23 17:09:46.956 [main] INFO  calculator.Calculator - [RESULT - POWER] - 1.0
2023-03-23 17:09:46.956 [main] INFO  calculator.Calculator - [POWER - 3.0 RAISED TO] 4.0
2023-03-23 17:09:46.956 [main] INFO  calculator.Calculator - [RESULT - POWER] - 81.0
2023-03-23 17:09:46.956 [main] INFO  calculator.Calculator - [POWER - 4.0 RAISED TO] 3.0
2023-03-23 17:09:46.957 [main] INFO  calculator.Calculator - [RESULT - POWER] - 64.0
2023-03-23 17:09:46.957 [main] INFO  calculator.Calculator - [POWER - 5.0 RAISED TO] 2.0
2023-03-23 17:09:46.957 [main] INFO  calculator.Calculator - [RESULT - POWER] - 25.0
2023-03-23 17:09:46.958 [main] INFO  calculator.Calculator - [NATURAL LOG] - 2.4
2023-03-23 17:09:46.958 [main] INFO  calculator.Calculator - [RESULT - NATURAL LOG] - 0.8754687373538999
2023-03-23 17:09:46.958 [main] INFO  calculator.Calculator - [NATURAL LOG] - 2.1
2023-03-23 17:09:46.959 [main] INFO  calculator.Calculator - [RESULT - NATURAL LOG] - 0.7419373447293773
2023-03-23 17:09:46.959 [main] INFO  calculator.Calculator - [DIVISION] - 4.0 BY 78.3221
2023-03-23 17:09:46.959 [main] INFO  calculator.Calculator - [RESULT - DIVISION] - 19.580525
2023-03-23 17:09:46.960 [main] INFO  calculator.Calculator - [DIVISION] - 1.0 BY 9.0
2023-03-23 17:09:46.960 [main] INFO  calculator.Calculator - [RESULT - DIVISION] - 9.0
2023-03-23 17:09:46.961 [main] INFO  calculator.Calculator - [SUBTRACTION] - 0.678 FROM 2.34
2023-03-23 17:09:46.961 [main] INFO  calculator.Calculator - [RESULT - SUBTRACTION] - 1.662
2023-03-23 17:09:46.961 [main] INFO  calculator.Calculator - [SUBTRACTION] - 3.45672 FROM 9.0
2023-03-23 17:09:46.962 [main] INFO  calculator.Calculator - [RESULT - SUBTRACTION] - 5.54328
2023-03-24 14:57:14.794 [main] INFO  calculator.Calculator - [FACTORIAL] - 5.0
2023-03-24 14:57:14.796 [main] INFO  calculator.Calculator - [RESULT - FACTORIAL] - 120.0
2023-03-24 14:57:14.796 [main] INFO  calculator.Calculator - [FACTORIAL] - 6.0
2023-03-24 14:57:14.796 [main] INFO  calculator.Calculator - [RESULT - FACTORIAL] - 720.0
2023-03-24 14:57:14.797 [main] INFO  calculator.Calculator - [FACTORIAL] - 4.0
2023-03-24 14:57:14.797 [main] INFO  calculator.Calculator - [RESULT - FACTORIAL] - 24.0
2023-03-24 14:57:14.797 [main] INFO  calculator.Calculator - [FACTORIAL] - 2.0
2023-03-24 14:57:14.797 [main] INFO  calculator.Calculator - [RESULT - FACTORIAL] - 2.0
2023-03-24 14:57:14.797 [main] INFO  calculator.Calculator - [FACTORIAL] - 0.0
2023-03-24 14:57:14.798 [main] INFO  calculator.Calculator - [RESULT - FACTORIAL] - 1.0
2023-03-24 14:57:14.799 [main] INFO  calculator.Calculator - [SQUARE ROOT] - 16.0
2023-03-24 14:57:14.799 [main] INFO  calculator.Calculator - [RESULT - SQUARE ROOT] - 4.0
2023-03-24 14:57:14.799 [main] INFO  calculator.Calculator - [SQUARE ROOT] - 1.0
2023-03-24 14:57:14.800 [main] INFO  calculator.Calculator - [RESULT - SQUARE ROOT] - 1.0
2023-03-24 14:57:14.800 [main] INFO  calculator.Calculator - [SQUARE ROOT] - 81.0
2023-03-24 14:57:14.800 [main] INFO  calculator.Calculator - [RESULT - SQUARE ROOT] - 9.0
2023-03-24 14:57:14.801 [main] INFO  calculator.Calculator - [SQUARE ROOT] - 36.0
2023-03-24 14:57:14.801 [main] INFO  calculator.Calculator - [RESULT - SQUARE ROOT] - 6.0
2023-03-24 14:57:14.809 [main] INFO  calculator.Calculator - [ADDITION] - 4.56 TO 2.34
2023-03-24 14:57:14.809 [main] INFO  calculator.Calculator - [RESULT - ADDITION] - 6.8999999999999995
2023-03-24 14:57:14.809 [main] INFO  calculator.Calculator - [ADDITION] - 3.45672 TO 9.0
2023-03-24 14:57:14.810 [main] INFO  calculator.Calculator - [RESULT - ADDITION] - 12.45672
2023-03-24 14:57:14.810 [main] INFO  calculator.Calculator - [ADDITION] - 4.0 TO 2.3221
2023-03-24 14:57:14.810 [main] INFO  calculator.Calculator - [RESULT - ADDITION] - 6.3221
2023-03-24 14:57:14.810 [main] INFO  calculator.Calculator - [ADDITION] - 3.0 TO 9.0
2023-03-24 14:57:14.810 [main] INFO  calculator.Calculator - [RESULT - ADDITION] - 12.0
2023-03-24 14:57:14.811 [main] INFO  calculator.Calculator - [SQUARE ROOT] - 3.0
2023-03-24 14:57:14.811 [main] INFO  calculator.Calculator - [RESULT - SQUARE ROOT] - 1.7320508075688772
2023-03-24 14:57:14.811 [main] INFO  calculator.Calculator - [SQUARE ROOT] - 4.0
2023-03-24 14:57:14.811 [main] INFO  calculator.Calculator - [RESULT - SQUARE ROOT] - 2.0
2023-03-24 14:57:14.811 [main] INFO  calculator.Calculator - [SQUARE ROOT] - 81.0
2023-03-24 14:57:14.811 [main] INFO  calculator.Calculator - [RESULT - SQUARE ROOT] - 9.0
2023-03-24 14:57:14.811 [main] INFO  calculator.Calculator - [SQUARE ROOT] - 36.0
2023-03-24 14:57:14.811 [main] INFO  calculator.Calculator - [RESULT - SQUARE ROOT] - 6.0
2023-03-24 14:57:14.812 [main] INFO  calculator.Calculator - [SUBTRACTION] - 4.0 FROM 78.3221
2023-03-24 14:57:14.812 [main] INFO  calculator.Calculator - [RESULT - SUBTRACTION] - 74.3221
2023-03-24 14:57:14.812 [main] INFO  calculator.Calculator - [SUBTRACTION] - 1.0 FROM 9.0
2023-03-24 14:57:14.813 [main] INFO  calculator.Calculator - [RESULT - SUBTRACTION] - 8.0
2023-03-24 14:57:14.813 [main] INFO  calculator.Calculator - [NATURAL LOG] - 1.0
2023-03-24 14:57:14.813 [main] INFO  calculator.Calculator - [RESULT - NATURAL LOG] - 0.0
2023-03-24 14:57:14.814 [main] INFO  calculator.Calculator - [FACTORIAL] - 6.0
2023-03-24 14:57:14.814 [main] INFO  calculator.Calculator - [RESULT - FACTORIAL] - 720.0
2023-03-24 14:57:14.814 [main] INFO  calculator.Calculator - [FACTORIAL] - 1.0
2023-03-24 14:57:14.814 [main] INFO  calculator.Calculator - [RESULT - FACTORIAL] - 1.0
2023-03-24 14:57:14.814 [main] INFO  calculator.Calculator - [FACTORIAL] - 3.0
2023-03-24 14:57:14.814 [main] INFO  calculator.Calculator - [RESULT - FACTORIAL] - 6.0
2023-03-24 14:57:14.814 [main] INFO  calculator.Calculator - [FACTORIAL] - 4.0
2023-03-24 14:57:14.815 [main] INFO  calculator.Calculator - [RESULT - FACTORIAL] - 24.0
2023-03-24 14:57:14.815 [main] INFO  calculator.Calculator - [FACTORIAL] - 0.0
2023-03-24 14:57:14.815 [main] INFO  calculator.Calculator - [RESULT - FACTORIAL] - 1.0
2023-03-24 14:57:14.815 [main] INFO  calculator.Calculator - [MULTIPLICATION] - 0.678 TO 2.34
2023-03-24 14:57:14.816 [main] INFO  calculator.Calculator - [RESULT - MULTIPLICATION] - 1.58652
2023-03-24 14:57:14.816 [main] INFO  calculator.Calculator - [MULTIPLICATION] - 0.0 TO 9.87
2023-03-24 14:57:14.816 [main] INFO  calculator.Calculator - [RESULT - MULTIPLICATION] - 0.0
2023-03-24 14:57:14.817 [main] INFO  calculator.Calculator - [POWER - 2.0 RAISED TO] 3.0
2023-03-24 14:57:14.817 [main] INFO  calculator.Calculator - [RESULT - POWER] - 8.0
2023-03-24 14:57:14.817 [main] INFO  calculator.Calculator - [POWER - 3.0 RAISED TO] 3.0
2023-03-24 14:57:14.817 [main] INFO  calculator.Calculator - [RESULT - POWER] - 27.0
2023-03-24 14:57:14.817 [main] INFO  calculator.Calculator - [POWER - 4.0 RAISED TO] 3.0
2023-03-24 14:57:14.817 [main] INFO  calculator.Calculator - [RESULT - POWER] - 64.0
2023-03-24 14:57:14.818 [main] INFO  calculator.Calculator - [POWER - 5.0 RAISED TO] 3.0
2023-03-24 14:57:14.818 [main] INFO  calculator.Calculator - [RESULT - POWER] - 125.0
2023-03-24 14:57:14.818 [main] INFO  calculator.Calculator - [MULTIPLICATION] - 4.0 TO 78.3221
2023-03-24 14:57:14.819 [main] INFO  calculator.Calculator - [RESULT - MULTIPLICATION] - 313.2884
2023-03-24 14:57:14.819 [main] INFO  calculator.Calculator - [MULTIPLICATION] - 1.0 TO 9.0
2023-03-24 14:57:14.819 [main] INFO  calculator.Calculator - [RESULT - MULTIPLICATION] - 9.0
2023-03-24 14:57:14.820 [main] INFO  calculator.Calculator - [DIVISION] - 0.678 BY 2.34
2023-03-24 14:57:14.820 [main] INFO  calculator.Calculator - [RESULT - DIVISION] - 3.451327433628318
2023-03-24 14:57:14.820 [main] INFO  calculator.Calculator - [DIVISION] - 1.0 BY 9.87
2023-03-24 14:57:14.820 [main] INFO  calculator.Calculator - [RESULT - DIVISION] - 9.87
2023-03-24 14:57:14.821 [main] INFO  calculator.Calculator - [POWER - 2.0 RAISED TO] 3.0
2023-03-24 14:57:14.821 [main] INFO  calculator.Calculator - [RESULT - POWER] - 8.0
2023-03-24 14:57:14.821 [main] INFO  calculator.Calculator - [POWER - 1.0 RAISED TO] 3.0
2023-03-24 14:57:14.822 [main] INFO  calculator.Calculator - [RESULT - POWER] - 1.0
2023-03-24 14:57:14.822 [main] INFO  calculator.Calculator - [POWER - 3.0 RAISED TO] 4.0
2023-03-24 14:57:14.822 [main] INFO  calculator.Calculator - [RESULT - POWER] - 81.0
2023-03-24 14:57:14.822 [main] INFO  calculator.Calculator - [POWER - 4.0 RAISED TO] 3.0
2023-03-24 14:57:14.823 [main] INFO  calculator.Calculator - [RESULT - POWER] - 64.0
2023-03-24 14:57:14.823 [main] INFO  calculator.Calculator - [POWER - 5.0 RAISED TO] 2.0
2023-03-24 14:57:14.823 [main] INFO  calculator.Calculator - [RESULT - POWER] - 25.0
2023-03-24 14:57:14.823 [main] INFO  calculator.Calculator - [NATURAL LOG] - 2.4
2023-03-24 14:57:14.824 [main] INFO  calculator.Calculator - [RESULT - NATURAL LOG] - 0.8754687373538999
2023-03-24 14:57:14.824 [main] INFO  calculator.Calculator - [NATURAL LOG] - 2.1
2023-03-24 14:57:14.824 [main] INFO  calculator.Calculator - [RESULT - NATURAL LOG] - 0.7419373447293773
2023-03-24 14:57:14.825 [main] INFO  calculator.Calculator - [DIVISION] - 4.0 BY 78.3221
2023-03-24 14:57:14.825 [main] INFO  calculator.Calculator - [RESULT - DIVISION] - 19.580525
2023-03-24 14:57:14.825 [main] INFO  calculator.Calculator - [DIVISION] - 1.0 BY 9.0
2023-03-24 14:57:14.825 [main] INFO  calculator.Calculator - [RESULT - DIVISION] - 9.0
2023-03-24 14:57:14.826 [main] INFO  calculator.Calculator - [SUBTRACTION] - 0.678 FROM 2.34
2023-03-24 14:57:14.826 [main] INFO  calculator.Calculator - [RESULT - SUBTRACTION] - 1.662
2023-03-24 14:57:14.827 [main] INFO  calculator.Calculator - [SUBTRACTION] - 3.45672 FROM 9.0
2023-03-24 14:57:14.827 [main] INFO  calculator.Calculator - [RESULT - SUBTRACTION] - 5.54328
2023-03-24 17:09:34.309 [main] INFO  calculator.Calculator - [FACTORIAL] - 5.0
2023-03-24 17:09:34.311 [main] INFO  calculator.Calculator - [RESULT - FACTORIAL] - 120.0
2023-03-24 17:09:34.312 [main] INFO  calculator.Calculator - [FACTORIAL] - 6.0
2023-03-24 17:09:34.312 [main] INFO  calculator.Calculator - [RESULT - FACTORIAL] - 720.0
2023-03-24 17:09:34.312 [main] INFO  calculator.Calculator - [FACTORIAL] - 4.0
2023-03-24 17:09:34.312 [main] INFO  calculator.Calculator - [RESULT - FACTORIAL] - 24.0
2023-03-24 17:09:34.312 [main] INFO  calculator.Calculator - [FACTORIAL] - 2.0
2023-03-24 17:09:34.313 [main] INFO  calculator.Calculator - [RESULT - FACTORIAL] - 2.0
2023-03-24 17:09:34.313 [main] INFO  calculator.Calculator - [FACTORIAL] - 0.0
2023-03-24 17:09:34.313 [main] INFO  calculator.Calculator - [RESULT - FACTORIAL] - 1.0
2023-03-24 17:09:34.314 [main] INFO  calculator.Calculator - [SQUARE ROOT] - 16.0
2023-03-24 17:09:34.315 [main] INFO  calculator.Calculator - [RESULT - SQUARE ROOT] - 4.0
2023-03-24 17:09:34.315 [main] INFO  calculator.Calculator - [SQUARE ROOT] - 1.0
2023-03-24 17:09:34.315 [main] INFO  calculator.Calculator - [RESULT - SQUARE ROOT] - 1.0
2023-03-24 17:09:34.315 [main] INFO  calculator.Calculator - [SQUARE ROOT] - 81.0
2023-03-24 17:09:34.315 [main] INFO  calculator.Calculator - [RESULT - SQUARE ROOT] - 9.0
2023-03-24 17:09:34.316 [main] INFO  calculator.Calculator - [SQUARE ROOT] - 36.0
2023-03-24 17:09:34.316 [main] INFO  calculator.Calculator - [RESULT - SQUARE ROOT] - 6.0
2023-03-24 17:09:34.322 [main] INFO  calculator.Calculator - [ADDITION] - 4.56 TO 2.34
2023-03-24 17:09:34.323 [main] INFO  calculator.Calculator - [RESULT - ADDITION] - 6.8999999999999995
2023-03-24 17:09:34.323 [main] INFO  calculator.Calculator - [ADDITION] - 3.45672 TO 9.0
2023-03-24 17:09:34.323 [main] INFO  calculator.Calculator - [RESULT - ADDITION] - 12.45672
2023-03-24 17:09:34.323 [main] INFO  calculator.Calculator - [ADDITION] - 4.0 TO 2.3221
2023-03-24 17:09:34.324 [main] INFO  calculator.Calculator - [RESULT - ADDITION] - 6.3221
2023-03-24 17:09:34.324 [main] INFO  calculator.Calculator - [ADDITION] - 3.0 TO 9.0
2023-03-24 17:09:34.324 [main] INFO  calculator.Calculator - [RESULT - ADDITION] - 12.0
2023-03-24 17:09:34.325 [main] INFO  calculator.Calculator - [SQUARE ROOT] - 3.0
2023-03-24 17:09:34.325 [main] INFO  calculator.Calculator - [RESULT - SQUARE ROOT] - 1.7320508075688772
2023-03-24 17:09:34.325 [main] INFO  calculator.Calculator - [SQUARE ROOT] - 4.0
2023-03-24 17:09:34.325 [main] INFO  calculator.Calculator - [RESULT - SQUARE ROOT] - 2.0
2023-03-24 17:09:34.326 [main] INFO  calculator.Calculator - [SQUARE ROOT] - 81.0
2023-03-24 17:09:34.326 [main] INFO  calculator.Calculator - [RESULT - SQUARE ROOT] - 9.0
2023-03-24 17:09:34.326 [main] INFO  calculator.Calculator - [SQUARE ROOT] - 36.0
2023-03-24 17:09:34.326 [main] INFO  calculator.Calculator - [RESULT - SQUARE ROOT] - 6.0
2023-03-24 17:09:34.328 [main] INFO  calculator.Calculator - [SUBTRACTION] - 4.0 FROM 78.3221
2023-03-24 17:09:34.328 [main] INFO  calculator.Calculator - [RESULT - SUBTRACTION] - 74.3221
2023-03-24 17:09:34.329 [main] INFO  calculator.Calculator - [SUBTRACTION] - 1.0 FROM 9.0
2023-03-24 17:09:34.329 [main] INFO  calculator.Calculator - [RESULT - SUBTRACTION] - 8.0
2023-03-24 17:09:34.330 [main] INFO  calculator.Calculator - [NATURAL LOG] - 1.0
2023-03-24 17:09:34.330 [main] INFO  calculator.Calculator - [RESULT - NATURAL LOG] - 0.0
2023-03-24 17:09:34.330 [main] INFO  calculator.Calculator - [FACTORIAL] - 6.0
2023-03-24 17:09:34.330 [main] INFO  calculator.Calculator - [RESULT - FACTORIAL] - 720.0
2023-03-24 17:09:34.331 [main] INFO  calculator.Calculator - [FACTORIAL] - 1.0
2023-03-24 17:09:34.331 [main] INFO  calculator.Calculator - [RESULT - FACTORIAL] - 1.0
2023-03-24 17:09:34.331 [main] INFO  calculator.Calculator - [FACTORIAL] - 3.0
2023-03-24 17:09:34.331 [main] INFO  calculator.Calculator - [RESULT - FACTORIAL] - 6.0
2023-03-24 17:09:34.331 [main] INFO  calculator.Calculator - [FACTORIAL] - 4.0
2023-03-24 17:09:34.331 [main] INFO  calculator.Calculator - [RESULT - FACTORIAL] - 24.0
2023-03-24 17:09:34.332 [main] INFO  calculator.Calculator - [FACTORIAL] - 0.0
2023-03-24 17:09:34.332 [main] INFO  calculator.Calculator - [RESULT - FACTORIAL] - 1.0
2023-03-24 17:09:34.333 [main] INFO  calculator.Calculator - [MULTIPLICATION] - 0.678 TO 2.34
2023-03-24 17:09:34.333 [main] INFO  calculator.Calculator - [RESULT - MULTIPLICATION] - 1.58652
2023-03-24 17:09:34.333 [main] INFO  calculator.Calculator - [MULTIPLICATION] - 0.0 TO 9.87
2023-03-24 17:09:34.333 [main] INFO  calculator.Calculator - [RESULT - MULTIPLICATION] - 0.0
2023-03-24 17:09:34.334 [main] INFO  calculator.Calculator - [POWER - 2.0 RAISED TO] 3.0
2023-03-24 17:09:34.335 [main] INFO  calculator.Calculator - [RESULT - POWER] - 8.0
2023-03-24 17:09:34.335 [main] INFO  calculator.Calculator - [POWER - 3.0 RAISED TO] 3.0
2023-03-24 17:09:34.335 [main] INFO  calculator.Calculator - [RESULT - POWER] - 27.0
2023-03-24 17:09:34.335 [main] INFO  calculator.Calculator - [POWER - 4.0 RAISED TO] 3.0
2023-03-24 17:09:34.335 [main] INFO  calculator.Calculator - [RESULT - POWER] - 64.0
2023-03-24 17:09:34.335 [main] INFO  calculator.Calculator - [POWER - 5.0 RAISED TO] 3.0
2023-03-24 17:09:34.336 [main] INFO  calculator.Calculator - [RESULT - POWER] - 125.0
2023-03-24 17:09:34.336 [main] INFO  calculator.Calculator - [MULTIPLICATION] - 4.0 TO 78.3221
2023-03-24 17:09:34.336 [main] INFO  calculator.Calculator - [RESULT - MULTIPLICATION] - 313.2884
2023-03-24 17:09:34.336 [main] INFO  calculator.Calculator - [MULTIPLICATION] - 1.0 TO 9.0
2023-03-24 17:09:34.337 [main] INFO  calculator.Calculator - [RESULT - MULTIPLICATION] - 9.0
2023-03-24 17:09:34.338 [main] INFO  calculator.Calculator - [DIVISION] - 0.678 BY 2.34
2023-03-24 17:09:34.338 [main] INFO  calculator.Calculator - [RESULT - DIVISION] - 3.451327433628318
2023-03-24 17:09:34.338 [main] INFO  calculator.Calculator - [DIVISION] - 1.0 BY 9.87
2023-03-24 17:09:34.338 [main] INFO  calculator.Calculator - [RESULT - DIVISION] - 9.87
2023-03-24 17:09:34.339 [main] INFO  calculator.Calculator - [POWER - 2.0 RAISED TO] 3.0
2023-03-24 17:09:34.339 [main] INFO  calculator.Calculator - [RESULT - POWER] - 8.0
2023-03-24 17:09:34.339 [main] INFO  calculator.Calculator - [POWER - 1.0 RAISED TO] 3.0
2023-03-24 17:09:34.340 [main] INFO  calculator.Calculator - [RESULT - POWER] - 1.0
2023-03-24 17:09:34.340 [main] INFO  calculator.Calculator - [POWER - 3.0 RAISED TO] 4.0
2023-03-24 17:09:34.340 [main] INFO  calculator.Calculator - [RESULT - POWER] - 81.0
2023-03-24 17:09:34.340 [main] INFO  calculator.Calculator - [POWER - 4.0 RAISED TO] 3.0
2023-03-24 17:09:34.340 [main] INFO  calculator.Calculator - [RESULT - POWER] - 64.0
2023-03-24 17:09:34.341 [main] INFO  calculator.Calculator - [POWER - 5.0 RAISED TO] 2.0
2023-03-24 17:09:34.341 [main] INFO  calculator.Calculator - [RESULT - POWER] - 25.0
2023-03-24 17:09:34.341 [main] INFO  calculator.Calculator - [NATURAL LOG] - 2.4
2023-03-24 17:09:34.342 [main] INFO  calculator.Calculator - [RESULT - NATURAL LOG] - 0.8754687373538999
2023-03-24 17:09:34.342 [main] INFO  calculator.Calculator - [NATURAL LOG] - 2.1
2023-03-24 17:09:34.342 [main] INFO  calculator.Calculator - [RESULT - NATURAL LOG] - 0.7419373447293773
2023-03-24 17:09:34.343 [main] INFO  calculator.Calculator - [DIVISION] - 4.0 BY 78.3221
2023-03-24 17:09:34.343 [main] INFO  calculator.Calculator - [RESULT - DIVISION] - 19.580525
2023-03-24 17:09:34.343 [main] INFO  calculator.Calculator - [DIVISION] - 1.0 BY 9.0
2023-03-24 17:09:34.343 [main] INFO  calculator.Calculator - [RESULT - DIVISION] - 9.0
2023-03-24 17:09:34.344 [main] INFO  calculator.Calculator - [SUBTRACTION] - 0.678 FROM 2.34
2023-03-24 17:09:34.344 [main] INFO  calculator.Calculator - [RESULT - SUBTRACTION] - 1.662
2023-03-24 17:09:34.345 [main] INFO  calculator.Calculator - [SUBTRACTION] - 3.45672 FROM 9.0
2023-03-24 17:09:34.345 [main] INFO  calculator.Calculator - [RESULT - SUBTRACTION] - 5.54328
2023-03-24 17:12:39.647 [main] INFO  calculator.Calculator - [FACTORIAL] - 5.0
2023-03-24 17:12:39.649 [main] INFO  calculator.Calculator - [RESULT - FACTORIAL] - 120.0
2023-03-24 17:12:39.649 [main] INFO  calculator.Calculator - [FACTORIAL] - 6.0
2023-03-24 17:12:39.649 [main] INFO  calculator.Calculator - [RESULT - FACTORIAL] - 720.0
2023-03-24 17:12:39.650 [main] INFO  calculator.Calculator - [FACTORIAL] - 4.0
2023-03-24 17:12:39.650 [main] INFO  calculator.Calculator - [RESULT - FACTORIAL] - 24.0
2023-03-24 17:12:39.650 [main] INFO  calculator.Calculator - [FACTORIAL] - 2.0
2023-03-24 17:12:39.650 [main] INFO  calculator.Calculator - [RESULT - FACTORIAL] - 2.0
2023-03-24 17:12:39.650 [main] INFO  calculator.Calculator - [FACTORIAL] - 0.0
2023-03-24 17:12:39.651 [main] INFO  calculator.Calculator - [RESULT - FACTORIAL] - 1.0
2023-03-24 17:12:39.652 [main] INFO  calculator.Calculator - [SQUARE ROOT] - 16.0
2023-03-24 17:12:39.652 [main] INFO  calculator.Calculator - [RESULT - SQUARE ROOT] - 4.0
2023-03-24 17:12:39.653 [main] INFO  calculator.Calculator - [SQUARE ROOT] - 1.0
2023-03-24 17:12:39.653 [main] INFO  calculator.Calculator - [RESULT - SQUARE ROOT] - 1.0
2023-03-24 17:12:39.653 [main] INFO  calculator.Calculator - [SQUARE ROOT] - 81.0
2023-03-24 17:12:39.653 [main] INFO  calculator.Calculator - [RESULT - SQUARE ROOT] - 9.0
2023-03-24 17:12:39.653 [main] INFO  calculator.Calculator - [SQUARE ROOT] - 36.0
2023-03-24 17:12:39.654 [main] INFO  calculator.Calculator - [RESULT - SQUARE ROOT] - 6.0
2023-03-24 17:12:39.660 [main] INFO  calculator.Calculator - [ADDITION] - 4.56 TO 2.34
2023-03-24 17:12:39.660 [main] INFO  calculator.Calculator - [RESULT - ADDITION] - 6.8999999999999995
2023-03-24 17:12:39.661 [main] INFO  calculator.Calculator - [ADDITION] - 3.45672 TO 9.0
2023-03-24 17:12:39.661 [main] INFO  calculator.Calculator - [RESULT - ADDITION] - 12.45672
2023-03-24 17:12:39.661 [main] INFO  calculator.Calculator - [ADDITION] - 4.0 TO 2.3221
2023-03-24 17:12:39.661 [main] INFO  calculator.Calculator - [RESULT - ADDITION] - 6.3221
2023-03-24 17:12:39.662 [main] INFO  calculator.Calculator - [ADDITION] - 3.0 TO 9.0
2023-03-24 17:12:39.662 [main] INFO  calculator.Calculator - [RESULT - ADDITION] - 12.0
2023-03-24 17:12:39.663 [main] INFO  calculator.Calculator - [SQUARE ROOT] - 3.0
2023-03-24 17:12:39.663 [main] INFO  calculator.Calculator - [RESULT - SQUARE ROOT] - 1.7320508075688772
2023-03-24 17:12:39.663 [main] INFO  calculator.Calculator - [SQUARE ROOT] - 4.0
2023-03-24 17:12:39.663 [main] INFO  calculator.Calculator - [RESULT - SQUARE ROOT] - 2.0
2023-03-24 17:12:39.664 [main] INFO  calculator.Calculator - [SQUARE ROOT] - 81.0
2023-03-24 17:12:39.664 [main] INFO  calculator.Calculator - [RESULT - SQUARE ROOT] - 9.0
2023-03-24 17:12:39.664 [main] INFO  calculator.Calculator - [SQUARE ROOT] - 36.0
2023-03-24 17:12:39.664 [main] INFO  calculator.Calculator - [RESULT - SQUARE ROOT] - 6.0
2023-03-24 17:12:39.665 [main] INFO  calculator.Calculator - [SUBTRACTION] - 4.0 FROM 78.3221
2023-03-24 17:12:39.666 [main] INFO  calculator.Calculator - [RESULT - SUBTRACTION] - 74.3221
2023-03-24 17:12:39.666 [main] INFO  calculator.Calculator - [SUBTRACTION] - 1.0 FROM 9.0
2023-03-24 17:12:39.666 [main] INFO  calculator.Calculator - [RESULT - SUBTRACTION] - 8.0
2023-03-24 17:12:39.667 [main] INFO  calculator.Calculator - [NATURAL LOG] - 1.0
2023-03-24 17:12:39.668 [main] INFO  calculator.Calculator - [RESULT - NATURAL LOG] - 0.0
2023-03-24 17:12:39.669 [main] INFO  calculator.Calculator - [FACTORIAL] - 6.0
2023-03-24 17:12:39.669 [main] INFO  calculator.Calculator - [RESULT - FACTORIAL] - 720.0
2023-03-24 17:12:39.670 [main] INFO  calculator.Calculator - [FACTORIAL] - 1.0
2023-03-24 17:12:39.670 [main] INFO  calculator.Calculator - [RESULT - FACTORIAL] - 1.0
2023-03-24 17:12:39.670 [main] INFO  calculator.Calculator - [FACTORIAL] - 3.0
2023-03-24 17:12:39.670 [main] INFO  calculator.Calculator - [RESULT - FACTORIAL] - 6.0
2023-03-24 17:12:39.671 [main] INFO  calculator.Calculator - [FACTORIAL] - 4.0
2023-03-24 17:12:39.671 [main] INFO  calculator.Calculator - [RESULT - FACTORIAL] - 24.0
2023-03-24 17:12:39.671 [main] INFO  calculator.Calculator - [FACTORIAL] - 0.0
2023-03-24 17:12:39.671 [main] INFO  calculator.Calculator - [RESULT - FACTORIAL] - 1.0
2023-03-24 17:12:39.673 [main] INFO  calculator.Calculator - [MULTIPLICATION] - 0.678 TO 2.34
2023-03-24 17:12:39.673 [main] INFO  calculator.Calculator - [RESULT - MULTIPLICATION] - 1.58652
2023-03-24 17:12:39.674 [main] INFO  calculator.Calculator - [MULTIPLICATION] - 0.0 TO 9.87
2023-03-24 17:12:39.674 [main] INFO  calculator.Calculator - [RESULT - MULTIPLICATION] - 0.0
2023-03-24 17:12:39.675 [main] INFO  calculator.Calculator - [POWER - 2.0 RAISED TO] 3.0
2023-03-24 17:12:39.675 [main] INFO  calculator.Calculator - [RESULT - POWER] - 8.0
2023-03-24 17:12:39.676 [main] INFO  calculator.Calculator - [POWER - 3.0 RAISED TO] 3.0
2023-03-24 17:12:39.676 [main] INFO  calculator.Calculator - [RESULT - POWER] - 27.0
2023-03-24 17:12:39.676 [main] INFO  calculator.Calculator - [POWER - 4.0 RAISED TO] 3.0
2023-03-24 17:12:39.677 [main] INFO  calculator.Calculator - [RESULT - POWER] - 64.0
2023-03-24 17:12:39.677 [main] INFO  calculator.Calculator - [POWER - 5.0 RAISED TO] 3.0
2023-03-24 17:12:39.678 [main] INFO  calculator.Calculator - [RESULT - POWER] - 125.0
2023-03-24 17:12:39.678 [main] INFO  calculator.Calculator - [MULTIPLICATION] - 4.0 TO 78.3221
2023-03-24 17:12:39.679 [main] INFO  calculator.Calculator - [RESULT - MULTIPLICATION] - 313.2884
2023-03-24 17:12:39.679 [main] INFO  calculator.Calculator - [MULTIPLICATION] - 1.0 TO 9.0
2023-03-24 17:12:39.679 [main] INFO  calculator.Calculator - [RESULT - MULTIPLICATION] - 9.0
2023-03-24 17:12:39.680 [main] INFO  calculator.Calculator - [DIVISION] - 0.678 BY 2.34
2023-03-24 17:12:39.680 [main] INFO  calculator.Calculator - [RESULT - DIVISION] - 3.451327433628318
2023-03-24 17:12:39.680 [main] INFO  calculator.Calculator - [DIVISION] - 1.0 BY 9.87
2023-03-24 17:12:39.681 [main] INFO  calculator.Calculator - [RESULT - DIVISION] - 9.87
2023-03-24 17:12:39.681 [main] INFO  calculator.Calculator - [POWER - 2.0 RAISED TO] 3.0
2023-03-24 17:12:39.681 [main] INFO  calculator.Calculator - [RESULT - POWER] - 8.0
2023-03-24 17:12:39.682 [main] INFO  calculator.Calculator - [POWER - 1.0 RAISED TO] 3.0
2023-03-24 17:12:39.682 [main] INFO  calculator.Calculator - [RESULT - POWER] - 1.0
2023-03-24 17:12:39.682 [main] INFO  calculator.Calculator - [POWER - 3.0 RAISED TO] 4.0
2023-03-24 17:12:39.682 [main] INFO  calculator.Calculator - [RESULT - POWER] - 81.0
2023-03-24 17:12:39.683 [main] INFO  calculator.Calculator - [POWER - 4.0 RAISED TO] 3.0
2023-03-24 17:12:39.683 [main] INFO  calculator.Calculator - [RESULT - POWER] - 64.0
2023-03-24 17:12:39.683 [main] INFO  calculator.Calculator - [POWER - 5.0 RAISED TO] 2.0
2023-03-24 17:12:39.683 [main] INFO  calculator.Calculator - [RESULT - POWER] - 25.0
2023-03-24 17:12:39.684 [main] INFO  calculator.Calculator - [NATURAL LOG] - 2.4
2023-03-24 17:12:39.684 [main] INFO  calculator.Calculator - [RESULT - NATURAL LOG] - 0.8754687373538999
2023-03-24 17:12:39.685 [main] INFO  calculator.Calculator - [NATURAL LOG] - 2.1
2023-03-24 17:12:39.685 [main] INFO  calculator.Calculator - [RESULT - NATURAL LOG] - 0.7419373447293773
2023-03-24 17:12:39.686 [main] INFO  calculator.Calculator - [DIVISION] - 4.0 BY 78.3221
2023-03-24 17:12:39.686 [main] INFO  calculator.Calculator - [RESULT - DIVISION] - 19.580525
2023-03-24 17:12:39.686 [main] INFO  calculator.Calculator - [DIVISION] - 1.0 BY 9.0
2023-03-24 17:12:39.687 [main] INFO  calculator.Calculator - [RESULT - DIVISION] - 9.0
2023-03-24 17:12:39.688 [main] INFO  calculator.Calculator - [SUBTRACTION] - 0.678 FROM 2.34
2023-03-24 17:12:39.688 [main] INFO  calculator.Calculator - [RESULT - SUBTRACTION] - 1.662
2023-03-24 17:12:39.689 [main] INFO  calculator.Calculator - [SUBTRACTION] - 3.45672 FROM 9.0
2023-03-24 17:12:39.689 [main] INFO  calculator.Calculator - [RESULT - SUBTRACTION] - 5.54328
2023-03-24 17:14:49.395 [main] INFO  calculator.Calculator - [FACTORIAL] - 5.0
2023-03-24 17:14:49.398 [main] INFO  calculator.Calculator - [RESULT - FACTORIAL] - 120.0
2023-03-24 17:14:49.398 [main] INFO  calculator.Calculator - [FACTORIAL] - 6.0
2023-03-24 17:14:49.398 [main] INFO  calculator.Calculator - [RESULT - FACTORIAL] - 720.0
2023-03-24 17:14:49.399 [main] INFO  calculator.Calculator - [FACTORIAL] - 4.0
2023-03-24 17:14:49.399 [main] INFO  calculator.Calculator - [RESULT - FACTORIAL] - 24.0
2023-03-24 17:14:49.399 [main] INFO  calculator.Calculator - [FACTORIAL] - 2.0
2023-03-24 17:14:49.399 [main] INFO  calculator.Calculator - [RESULT - FACTORIAL] - 2.0
2023-03-24 17:14:49.399 [main] INFO  calculator.Calculator - [FACTORIAL] - 0.0
2023-03-24 17:14:49.399 [main] INFO  calculator.Calculator - [RESULT - FACTORIAL] - 1.0
2023-03-24 17:14:49.401 [main] INFO  calculator.Calculator - [SQUARE ROOT] - 16.0
2023-03-24 17:14:49.401 [main] INFO  calculator.Calculator - [RESULT - SQUARE ROOT] - 4.0
2023-03-24 17:14:49.401 [main] INFO  calculator.Calculator - [SQUARE ROOT] - 1.0
2023-03-24 17:14:49.402 [main] INFO  calculator.Calculator - [RESULT - SQUARE ROOT] - 1.0
2023-03-24 17:14:49.402 [main] INFO  calculator.Calculator - [SQUARE ROOT] - 81.0
2023-03-24 17:14:49.402 [main] INFO  calculator.Calculator - [RESULT - SQUARE ROOT] - 9.0
2023-03-24 17:14:49.402 [main] INFO  calculator.Calculator - [SQUARE ROOT] - 36.0
2023-03-24 17:14:49.403 [main] INFO  calculator.Calculator - [RESULT - SQUARE ROOT] - 6.0
2023-03-24 17:14:49.410 [main] INFO  calculator.Calculator - [ADDITION] - 4.56 TO 2.34
2023-03-24 17:14:49.411 [main] INFO  calculator.Calculator - [RESULT - ADDITION] - 6.8999999999999995
2023-03-24 17:14:49.411 [main] INFO  calculator.Calculator - [ADDITION] - 3.45672 TO 9.0
2023-03-24 17:14:49.412 [main] INFO  calculator.Calculator - [RESULT - ADDITION] - 12.45672
2023-03-24 17:14:49.412 [main] INFO  calculator.Calculator - [ADDITION] - 4.0 TO 2.3221
2023-03-24 17:14:49.413 [main] INFO  calculator.Calculator - [RESULT - ADDITION] - 6.3221
2023-03-24 17:14:49.413 [main] INFO  calculator.Calculator - [ADDITION] - 3.0 TO 9.0
2023-03-24 17:14:49.413 [main] INFO  calculator.Calculator - [RESULT - ADDITION] - 12.0
2023-03-24 17:14:49.414 [main] INFO  calculator.Calculator - [SQUARE ROOT] - 3.0
2023-03-24 17:14:49.414 [main] INFO  calculator.Calculator - [RESULT - SQUARE ROOT] - 1.7320508075688772
2023-03-24 17:14:49.414 [main] INFO  calculator.Calculator - [SQUARE ROOT] - 4.0
2023-03-24 17:14:49.415 [main] INFO  calculator.Calculator - [RESULT - SQUARE ROOT] - 2.0
2023-03-24 17:14:49.415 [main] INFO  calculator.Calculator - [SQUARE ROOT] - 81.0
2023-03-24 17:14:49.415 [main] INFO  calculator.Calculator - [RESULT - SQUARE ROOT] - 9.0
2023-03-24 17:14:49.416 [main] INFO  calculator.Calculator - [SQUARE ROOT] - 36.0
2023-03-24 17:14:49.416 [main] INFO  calculator.Calculator - [RESULT - SQUARE ROOT] - 6.0
2023-03-24 17:14:49.417 [main] INFO  calculator.Calculator - [SUBTRACTION] - 4.0 FROM 78.3221
2023-03-24 17:14:49.418 [main] INFO  calculator.Calculator - [RESULT - SUBTRACTION] - 74.3221
2023-03-24 17:14:49.418 [main] INFO  calculator.Calculator - [SUBTRACTION] - 1.0 FROM 9.0
2023-03-24 17:14:49.418 [main] INFO  calculator.Calculator - [RESULT - SUBTRACTION] - 8.0
2023-03-24 17:14:49.419 [main] INFO  calculator.Calculator - [NATURAL LOG] - 1.0
2023-03-24 17:14:49.420 [main] INFO  calculator.Calculator - [RESULT - NATURAL LOG] - 0.0
2023-03-24 17:14:49.420 [main] INFO  calculator.Calculator - [FACTORIAL] - 6.0
2023-03-24 17:14:49.421 [main] INFO  calculator.Calculator - [RESULT - FACTORIAL] - 720.0
2023-03-24 17:14:49.421 [main] INFO  calculator.Calculator - [FACTORIAL] - 1.0
2023-03-24 17:14:49.421 [main] INFO  calculator.Calculator - [RESULT - FACTORIAL] - 1.0
2023-03-24 17:14:49.421 [main] INFO  calculator.Calculator - [FACTORIAL] - 3.0
2023-03-24 17:14:49.422 [main] INFO  calculator.Calculator - [RESULT - FACTORIAL] - 6.0
2023-03-24 17:14:49.422 [main] INFO  calculator.Calculator - [FACTORIAL] - 4.0
2023-03-24 17:14:49.422 [main] INFO  calculator.Calculator - [RESULT - FACTORIAL] - 24.0
2023-03-24 17:14:49.422 [main] INFO  calculator.Calculator - [FACTORIAL] - 0.0
2023-03-24 17:14:49.423 [main] INFO  calculator.Calculator - [RESULT - FACTORIAL] - 1.0
2023-03-24 17:14:49.424 [main] INFO  calculator.Calculator - [MULTIPLICATION] - 0.678 TO 2.34
2023-03-24 17:14:49.424 [main] INFO  calculator.Calculator - [RESULT - MULTIPLICATION] - 1.58652
2023-03-24 17:14:49.425 [main] INFO  calculator.Calculator - [MULTIPLICATION] - 0.0 TO 9.87
2023-03-24 17:14:49.425 [main] INFO  calculator.Calculator - [RESULT - MULTIPLICATION] - 0.0
2023-03-24 17:14:49.426 [main] INFO  calculator.Calculator - [POWER - 2.0 RAISED TO] 3.0
2023-03-24 17:14:49.427 [main] INFO  calculator.Calculator - [RESULT - POWER] - 8.0
2023-03-24 17:14:49.427 [main] INFO  calculator.Calculator - [POWER - 3.0 RAISED TO] 3.0
2023-03-24 17:14:49.428 [main] INFO  calculator.Calculator - [RESULT - POWER] - 27.0
2023-03-24 17:14:49.428 [main] INFO  calculator.Calculator - [POWER - 4.0 RAISED TO] 3.0
2023-03-24 17:14:49.428 [main] INFO  calculator.Calculator - [RESULT - POWER] - 64.0
2023-03-24 17:14:49.428 [main] INFO  calculator.Calculator - [POWER - 5.0 RAISED TO] 3.0
2023-03-24 17:14:49.429 [main] INFO  calculator.Calculator - [RESULT - POWER] - 125.0
2023-03-24 17:14:49.429 [main] INFO  calculator.Calculator - [MULTIPLICATION] - 4.0 TO 78.3221
2023-03-24 17:14:49.430 [main] INFO  calculator.Calculator - [RESULT - MULTIPLICATION] - 313.2884
2023-03-24 17:14:49.430 [main] INFO  calculator.Calculator - [MULTIPLICATION] - 1.0 TO 9.0
2023-03-24 17:14:49.430 [main] INFO  calculator.Calculator - [RESULT - MULTIPLICATION] - 9.0
2023-03-24 17:14:49.432 [main] INFO  calculator.Calculator - [DIVISION] - 0.678 BY 2.34
2023-03-24 17:14:49.432 [main] INFO  calculator.Calculator - [RESULT - DIVISION] - 3.451327433628318
2023-03-24 17:14:49.433 [main] INFO  calculator.Calculator - [DIVISION] - 1.0 BY 9.87
2023-03-24 17:14:49.433 [main] INFO  calculator.Calculator - [RESULT - DIVISION] - 9.87
2023-03-24 17:14:49.434 [main] INFO  calculator.Calculator - [POWER - 2.0 RAISED TO] 3.0
2023-03-24 17:14:49.434 [main] INFO  calculator.Calculator - [RESULT - POWER] - 8.0
2023-03-24 17:14:49.434 [main] INFO  calculator.Calculator - [POWER - 1.0 RAISED TO] 3.0
2023-03-24 17:14:49.435 [main] INFO  calculator.Calculator - [RESULT - POWER] - 1.0
2023-03-24 17:14:49.435 [main] INFO  calculator.Calculator - [POWER - 3.0 RAISED TO] 4.0
2023-03-24 17:14:49.436 [main] INFO  calculator.Calculator - [RESULT - POWER] - 81.0
2023-03-24 17:14:49.436 [main] INFO  calculator.Calculator - [POWER - 4.0 RAISED TO] 3.0
2023-03-24 17:14:49.436 [main] INFO  calculator.Calculator - [RESULT - POWER] - 64.0
2023-03-24 17:14:49.437 [main] INFO  calculator.Calculator - [POWER - 5.0 RAISED TO] 2.0
2023-03-24 17:14:49.437 [main] INFO  calculator.Calculator - [RESULT - POWER] - 25.0
2023-03-24 17:14:49.438 [main] INFO  calculator.Calculator - [NATURAL LOG] - 2.4
2023-03-24 17:14:49.439 [main] INFO  calculator.Calculator - [RESULT - NATURAL LOG] - 0.8754687373538999
2023-03-24 17:14:49.440 [main] INFO  calculator.Calculator - [NATURAL LOG] - 2.1
2023-03-24 17:14:49.440 [main] INFO  calculator.Calculator - [RESULT - NATURAL LOG] - 0.7419373447293773
2023-03-24 17:14:49.441 [main] INFO  calculator.Calculator - [DIVISION] - 4.0 BY 78.3221
2023-03-24 17:14:49.441 [main] INFO  calculator.Calculator - [RESULT - DIVISION] - 19.580525
2023-03-24 17:14:49.441 [main] INFO  calculator.Calculator - [DIVISION] - 1.0 BY 9.0
2023-03-24 17:14:49.442 [main] INFO  calculator.Calculator - [RESULT - DIVISION] - 9.0
2023-03-24 17:14:49.443 [main] INFO  calculator.Calculator - [SUBTRACTION] - 0.678 FROM 2.34
2023-03-24 17:14:49.444 [main] INFO  calculator.Calculator - [RESULT - SUBTRACTION] - 1.662
2023-03-24 17:14:49.444 [main] INFO  calculator.Calculator - [SUBTRACTION] - 3.45672 FROM 9.0
2023-03-24 17:14:49.444 [main] INFO  calculator.Calculator - [RESULT - SUBTRACTION] - 5.54328
2023-03-26 18:59:46.435 [main] INFO  calculator.Calculator - [FACTORIAL] - 5.0
2023-03-26 18:59:46.438 [main] INFO  calculator.Calculator - [RESULT - FACTORIAL] - 120.0
2023-03-26 18:59:46.438 [main] INFO  calculator.Calculator - [FACTORIAL] - 6.0
2023-03-26 18:59:46.438 [main] INFO  calculator.Calculator - [RESULT - FACTORIAL] - 720.0
2023-03-26 18:59:46.438 [main] INFO  calculator.Calculator - [FACTORIAL] - 4.0
2023-03-26 18:59:46.438 [main] INFO  calculator.Calculator - [RESULT - FACTORIAL] - 24.0
2023-03-26 18:59:46.439 [main] INFO  calculator.Calculator - [FACTORIAL] - 2.0
2023-03-26 18:59:46.439 [main] INFO  calculator.Calculator - [RESULT - FACTORIAL] - 2.0
2023-03-26 18:59:46.439 [main] INFO  calculator.Calculator - [FACTORIAL] - 0.0
2023-03-26 18:59:46.439 [main] INFO  calculator.Calculator - [RESULT - FACTORIAL] - 1.0
2023-03-26 18:59:46.441 [main] INFO  calculator.Calculator - [SQUARE ROOT] - 16.0
2023-03-26 18:59:46.441 [main] INFO  calculator.Calculator - [RESULT - SQUARE ROOT] - 4.0
2023-03-26 18:59:46.441 [main] INFO  calculator.Calculator - [SQUARE ROOT] - 1.0
2023-03-26 18:59:46.442 [main] INFO  calculator.Calculator - [RESULT - SQUARE ROOT] - 1.0
2023-03-26 18:59:46.442 [main] INFO  calculator.Calculator - [SQUARE ROOT] - 81.0
2023-03-26 18:59:46.442 [main] INFO  calculator.Calculator - [RESULT - SQUARE ROOT] - 9.0
2023-03-26 18:59:46.442 [main] INFO  calculator.Calculator - [SQUARE ROOT] - 36.0
2023-03-26 18:59:46.442 [main] INFO  calculator.Calculator - [RESULT - SQUARE ROOT] - 6.0
2023-03-26 18:59:46.449 [main] INFO  calculator.Calculator - [ADDITION] - 4.56 TO 2.34
2023-03-26 18:59:46.449 [main] INFO  calculator.Calculator - [RESULT - ADDITION] - 6.8999999999999995
2023-03-26 18:59:46.450 [main] INFO  calculator.Calculator - [ADDITION] - 3.45672 TO 9.0
2023-03-26 18:59:46.450 [main] INFO  calculator.Calculator - [RESULT - ADDITION] - 12.45672
2023-03-26 18:59:46.451 [main] INFO  calculator.Calculator - [ADDITION] - 4.0 TO 2.3221
2023-03-26 18:59:46.451 [main] INFO  calculator.Calculator - [RESULT - ADDITION] - 6.3221
2023-03-26 18:59:46.451 [main] INFO  calculator.Calculator - [ADDITION] - 3.0 TO 9.0
2023-03-26 18:59:46.452 [main] INFO  calculator.Calculator - [RESULT - ADDITION] - 12.0
2023-03-26 18:59:46.453 [main] INFO  calculator.Calculator - [SQUARE ROOT] - 3.0
2023-03-26 18:59:46.453 [main] INFO  calculator.Calculator - [RESULT - SQUARE ROOT] - 1.7320508075688772
2023-03-26 18:59:46.453 [main] INFO  calculator.Calculator - [SQUARE ROOT] - 4.0
2023-03-26 18:59:46.453 [main] INFO  calculator.Calculator - [RESULT - SQUARE ROOT] - 2.0
2023-03-26 18:59:46.454 [main] INFO  calculator.Calculator - [SQUARE ROOT] - 81.0
2023-03-26 18:59:46.454 [main] INFO  calculator.Calculator - [RESULT - SQUARE ROOT] - 9.0
2023-03-26 18:59:46.454 [main] INFO  calculator.Calculator - [SQUARE ROOT] - 36.0
2023-03-26 18:59:46.455 [main] INFO  calculator.Calculator - [RESULT - SQUARE ROOT] - 6.0
2023-03-26 18:59:46.456 [main] INFO  calculator.Calculator - [SUBTRACTION] - 4.0 FROM 78.3221
2023-03-26 18:59:46.456 [main] INFO  calculator.Calculator - [RESULT - SUBTRACTION] - 74.3221
2023-03-26 18:59:46.456 [main] INFO  calculator.Calculator - [SUBTRACTION] - 1.0 FROM 9.0
2023-03-26 18:59:46.456 [main] INFO  calculator.Calculator - [RESULT - SUBTRACTION] - 8.0
2023-03-26 18:59:46.457 [main] INFO  calculator.Calculator - [NATURAL LOG] - 1.0
2023-03-26 18:59:46.458 [main] INFO  calculator.Calculator - [RESULT - NATURAL LOG] - 0.0
2023-03-26 18:59:46.458 [main] INFO  calculator.Calculator - [FACTORIAL] - 6.0
2023-03-26 18:59:46.458 [main] INFO  calculator.Calculator - [RESULT - FACTORIAL] - 720.0
2023-03-26 18:59:46.459 [main] INFO  calculator.Calculator - [FACTORIAL] - 1.0
2023-03-26 18:59:46.459 [main] INFO  calculator.Calculator - [RESULT - FACTORIAL] - 1.0
2023-03-26 18:59:46.459 [main] INFO  calculator.Calculator - [FACTORIAL] - 3.0
2023-03-26 18:59:46.460 [main] INFO  calculator.Calculator - [RESULT - FACTORIAL] - 6.0
2023-03-26 18:59:46.460 [main] INFO  calculator.Calculator - [FACTORIAL] - 4.0
2023-03-26 18:59:46.460 [main] INFO  calculator.Calculator - [RESULT - FACTORIAL] - 24.0
2023-03-26 18:59:46.461 [main] INFO  calculator.Calculator - [FACTORIAL] - 0.0
2023-03-26 18:59:46.461 [main] INFO  calculator.Calculator - [RESULT - FACTORIAL] - 1.0
2023-03-26 18:59:46.462 [main] INFO  calculator.Calculator - [MULTIPLICATION] - 0.678 TO 2.34
2023-03-26 18:59:46.462 [main] INFO  calculator.Calculator - [RESULT - MULTIPLICATION] - 1.58652
2023-03-26 18:59:46.462 [main] INFO  calculator.Calculator - [MULTIPLICATION] - 0.0 TO 9.87
2023-03-26 18:59:46.462 [main] INFO  calculator.Calculator - [RESULT - MULTIPLICATION] - 0.0
2023-03-26 18:59:46.463 [main] INFO  calculator.Calculator - [POWER - 2.0 RAISED TO] 3.0
2023-03-26 18:59:46.464 [main] INFO  calculator.Calculator - [RESULT - POWER] - 8.0
2023-03-26 18:59:46.464 [main] INFO  calculator.Calculator - [POWER - 3.0 RAISED TO] 3.0
2023-03-26 18:59:46.464 [main] INFO  calculator.Calculator - [RESULT - POWER] - 27.0
2023-03-26 18:59:46.465 [main] INFO  calculator.Calculator - [POWER - 4.0 RAISED TO] 3.0
2023-03-26 18:59:46.465 [main] INFO  calculator.Calculator - [RESULT - POWER] - 64.0
2023-03-26 18:59:46.465 [main] INFO  calculator.Calculator - [POWER - 5.0 RAISED TO] 3.0
2023-03-26 18:59:46.465 [main] INFO  calculator.Calculator - [RESULT - POWER] - 125.0
2023-03-26 18:59:46.466 [main] INFO  calculator.Calculator - [MULTIPLICATION] - 4.0 TO 78.3221
2023-03-26 18:59:46.466 [main] INFO  calculator.Calculator - [RESULT - MULTIPLICATION] - 313.2884
2023-03-26 18:59:46.466 [main] INFO  calculator.Calculator - [MULTIPLICATION] - 1.0 TO 9.0
2023-03-26 18:59:46.467 [main] INFO  calculator.Calculator - [RESULT - MULTIPLICATION] - 9.0
2023-03-26 18:59:46.467 [main] INFO  calculator.Calculator - [DIVISION] - 0.678 BY 2.34
2023-03-26 18:59:46.468 [main] INFO  calculator.Calculator - [RESULT - DIVISION] - 3.451327433628318
2023-03-26 18:59:46.468 [main] INFO  calculator.Calculator - [DIVISION] - 1.0 BY 9.87
2023-03-26 18:59:46.468 [main] INFO  calculator.Calculator - [RESULT - DIVISION] - 9.87
2023-03-26 18:59:46.469 [main] INFO  calculator.Calculator - [POWER - 2.0 RAISED TO] 3.0
2023-03-26 18:59:46.469 [main] INFO  calculator.Calculator - [RESULT - POWER] - 8.0
2023-03-26 18:59:46.469 [main] INFO  calculator.Calculator - [POWER - 1.0 RAISED TO] 3.0
2023-03-26 18:59:46.469 [main] INFO  calculator.Calculator - [RESULT - POWER] - 1.0
2023-03-26 18:59:46.470 [main] INFO  calculator.Calculator - [POWER - 3.0 RAISED TO] 4.0
2023-03-26 18:59:46.470 [main] INFO  calculator.Calculator - [RESULT - POWER] - 81.0
2023-03-26 18:59:46.470 [main] INFO  calculator.Calculator - [POWER - 4.0 RAISED TO] 3.0
2023-03-26 18:59:46.470 [main] INFO  calculator.Calculator - [RESULT - POWER] - 64.0
2023-03-26 18:59:46.470 [main] INFO  calculator.Calculator - [POWER - 5.0 RAISED TO] 2.0
2023-03-26 18:59:46.470 [main] INFO  calculator.Calculator - [RESULT - POWER] - 25.0
2023-03-26 18:59:46.471 [main] INFO  calculator.Calculator - [NATURAL LOG] - 2.4
2023-03-26 18:59:46.471 [main] INFO  calculator.Calculator - [RESULT - NATURAL LOG] - 0.8754687373538999
2023-03-26 18:59:46.471 [main] INFO  calculator.Calculator - [NATURAL LOG] - 2.1
2023-03-26 18:59:46.471 [main] INFO  calculator.Calculator - [RESULT - NATURAL LOG] - 0.7419373447293773
2023-03-26 18:59:46.472 [main] INFO  calculator.Calculator - [DIVISION] - 4.0 BY 78.3221
2023-03-26 18:59:46.472 [main] INFO  calculator.Calculator - [RESULT - DIVISION] - 19.580525
2023-03-26 18:59:46.472 [main] INFO  calculator.Calculator - [DIVISION] - 1.0 BY 9.0
2023-03-26 18:59:46.472 [main] INFO  calculator.Calculator - [RESULT - DIVISION] - 9.0
2023-03-26 18:59:46.473 [main] INFO  calculator.Calculator - [SUBTRACTION] - 0.678 FROM 2.34
2023-03-26 18:59:46.473 [main] INFO  calculator.Calculator - [RESULT - SUBTRACTION] - 1.662
2023-03-26 18:59:46.473 [main] INFO  calculator.Calculator - [SUBTRACTION] - 3.45672 FROM 9.0
2023-03-26 18:59:46.473 [main] INFO  calculator.Calculator - [RESULT - SUBTRACTION] - 5.54328
2023-03-26 19:15:51.489 [main] INFO  calculator.Calculator - [FACTORIAL] - 5.0
2023-03-26 19:15:51.491 [main] INFO  calculator.Calculator - [RESULT - FACTORIAL] - 120.0
2023-03-26 19:15:51.492 [main] INFO  calculator.Calculator - [FACTORIAL] - 6.0
2023-03-26 19:15:51.492 [main] INFO  calculator.Calculator - [RESULT - FACTORIAL] - 720.0
2023-03-26 19:15:51.492 [main] INFO  calculator.Calculator - [FACTORIAL] - 4.0
2023-03-26 19:15:51.492 [main] INFO  calculator.Calculator - [RESULT - FACTORIAL] - 24.0
2023-03-26 19:15:51.492 [main] INFO  calculator.Calculator - [FACTORIAL] - 2.0
2023-03-26 19:15:51.493 [main] INFO  calculator.Calculator - [RESULT - FACTORIAL] - 2.0
2023-03-26 19:15:51.493 [main] INFO  calculator.Calculator - [FACTORIAL] - 0.0
2023-03-26 19:15:51.493 [main] INFO  calculator.Calculator - [RESULT - FACTORIAL] - 1.0
2023-03-26 19:15:51.494 [main] INFO  calculator.Calculator - [SQUARE ROOT] - 16.0
2023-03-26 19:15:51.495 [main] INFO  calculator.Calculator - [RESULT - SQUARE ROOT] - 4.0
2023-03-26 19:15:51.495 [main] INFO  calculator.Calculator - [SQUARE ROOT] - 1.0
2023-03-26 19:15:51.495 [main] INFO  calculator.Calculator - [RESULT - SQUARE ROOT] - 1.0
2023-03-26 19:15:51.495 [main] INFO  calculator.Calculator - [SQUARE ROOT] - 81.0
2023-03-26 19:15:51.496 [main] INFO  calculator.Calculator - [RESULT - SQUARE ROOT] - 9.0
2023-03-26 19:15:51.496 [main] INFO  calculator.Calculator - [SQUARE ROOT] - 36.0
2023-03-26 19:15:51.496 [main] INFO  calculator.Calculator - [RESULT - SQUARE ROOT] - 6.0
2023-03-26 19:15:51.503 [main] INFO  calculator.Calculator - [ADDITION] - 4.56 TO 2.34
2023-03-26 19:15:51.503 [main] INFO  calculator.Calculator - [RESULT - ADDITION] - 6.8999999999999995
2023-03-26 19:15:51.504 [main] INFO  calculator.Calculator - [ADDITION] - 3.45672 TO 9.0
2023-03-26 19:15:51.504 [main] INFO  calculator.Calculator - [RESULT - ADDITION] - 12.45672
2023-03-26 19:15:51.504 [main] INFO  calculator.Calculator - [ADDITION] - 4.0 TO 2.3221
2023-03-26 19:15:51.505 [main] INFO  calculator.Calculator - [RESULT - ADDITION] - 6.3221
2023-03-26 19:15:51.505 [main] INFO  calculator.Calculator - [ADDITION] - 3.0 TO 9.0
2023-03-26 19:15:51.505 [main] INFO  calculator.Calculator - [RESULT - ADDITION] - 12.0
2023-03-26 19:15:51.506 [main] INFO  calculator.Calculator - [SQUARE ROOT] - 3.0
2023-03-26 19:15:51.506 [main] INFO  calculator.Calculator - [RESULT - SQUARE ROOT] - 1.7320508075688772
2023-03-26 19:15:51.506 [main] INFO  calculator.Calculator - [SQUARE ROOT] - 4.0
2023-03-26 19:15:51.506 [main] INFO  calculator.Calculator - [RESULT - SQUARE ROOT] - 2.0
2023-03-26 19:15:51.506 [main] INFO  calculator.Calculator - [SQUARE ROOT] - 81.0
2023-03-26 19:15:51.507 [main] INFO  calculator.Calculator - [RESULT - SQUARE ROOT] - 9.0
2023-03-26 19:15:51.507 [main] INFO  calculator.Calculator - [SQUARE ROOT] - 36.0
2023-03-26 19:15:51.507 [main] INFO  calculator.Calculator - [RESULT - SQUARE ROOT] - 6.0
2023-03-26 19:15:51.508 [main] INFO  calculator.Calculator - [SUBTRACTION] - 4.0 FROM 78.3221
2023-03-26 19:15:51.509 [main] INFO  calculator.Calculator - [RESULT - SUBTRACTION] - 74.3221
2023-03-26 19:15:51.509 [main] INFO  calculator.Calculator - [SUBTRACTION] - 1.0 FROM 9.0
2023-03-26 19:15:51.509 [main] INFO  calculator.Calculator - [RESULT - SUBTRACTION] - 8.0
2023-03-26 19:15:51.510 [main] INFO  calculator.Calculator - [NATURAL LOG] - 1.0
2023-03-26 19:15:51.510 [main] INFO  calculator.Calculator - [RESULT - NATURAL LOG] - 0.0
2023-03-26 19:15:51.510 [main] INFO  calculator.Calculator - [FACTORIAL] - 6.0
2023-03-26 19:15:51.510 [main] INFO  calculator.Calculator - [RESULT - FACTORIAL] - 720.0
2023-03-26 19:15:51.510 [main] INFO  calculator.Calculator - [FACTORIAL] - 1.0
2023-03-26 19:15:51.511 [main] INFO  calculator.Calculator - [RESULT - FACTORIAL] - 1.0
2023-03-26 19:15:51.511 [main] INFO  calculator.Calculator - [FACTORIAL] - 3.0
2023-03-26 19:15:51.511 [main] INFO  calculator.Calculator - [RESULT - FACTORIAL] - 6.0
2023-03-26 19:15:51.511 [main] INFO  calculator.Calculator - [FACTORIAL] - 4.0
2023-03-26 19:15:51.511 [main] INFO  calculator.Calculator - [RESULT - FACTORIAL] - 24.0
2023-03-26 19:15:51.511 [main] INFO  calculator.Calculator - [FACTORIAL] - 0.0
2023-03-26 19:15:51.511 [main] INFO  calculator.Calculator - [RESULT - FACTORIAL] - 1.0
2023-03-26 19:15:51.512 [main] INFO  calculator.Calculator - [MULTIPLICATION] - 0.678 TO 2.34
2023-03-26 19:15:51.513 [main] INFO  calculator.Calculator - [RESULT - MULTIPLICATION] - 1.58652
2023-03-26 19:15:51.513 [main] INFO  calculator.Calculator - [MULTIPLICATION] - 0.0 TO 9.87
2023-03-26 19:15:51.513 [main] INFO  calculator.Calculator - [RESULT - MULTIPLICATION] - 0.0
2023-03-26 19:15:51.514 [main] INFO  calculator.Calculator - [POWER - 2.0 RAISED TO] 3.0
2023-03-26 19:15:51.514 [main] INFO  calculator.Calculator - [RESULT - POWER] - 8.0
2023-03-26 19:15:51.514 [main] INFO  calculator.Calculator - [POWER - 3.0 RAISED TO] 3.0
2023-03-26 19:15:51.514 [main] INFO  calculator.Calculator - [RESULT - POWER] - 27.0
2023-03-26 19:15:51.514 [main] INFO  calculator.Calculator - [POWER - 4.0 RAISED TO] 3.0
2023-03-26 19:15:51.514 [main] INFO  calculator.Calculator - [RESULT - POWER] - 64.0
2023-03-26 19:15:51.515 [main] INFO  calculator.Calculator - [POWER - 5.0 RAISED TO] 3.0
2023-03-26 19:15:51.515 [main] INFO  calculator.Calculator - [RESULT - POWER] - 125.0
2023-03-26 19:15:51.515 [main] INFO  calculator.Calculator - [MULTIPLICATION] - 4.0 TO 78.3221
2023-03-26 19:15:51.515 [main] INFO  calculator.Calculator - [RESULT - MULTIPLICATION] - 313.2884
2023-03-26 19:15:51.516 [main] INFO  calculator.Calculator - [MULTIPLICATION] - 1.0 TO 9.0
2023-03-26 19:15:51.516 [main] INFO  calculator.Calculator - [RESULT - MULTIPLICATION] - 9.0
2023-03-26 19:15:51.516 [main] INFO  calculator.Calculator - [DIVISION] - 0.678 BY 2.34
2023-03-26 19:15:51.517 [main] INFO  calculator.Calculator - [RESULT - DIVISION] - 3.451327433628318
2023-03-26 19:15:51.517 [main] INFO  calculator.Calculator - [DIVISION] - 1.0 BY 9.87
2023-03-26 19:15:51.517 [main] INFO  calculator.Calculator - [RESULT - DIVISION] - 9.87
2023-03-26 19:15:51.517 [main] INFO  calculator.Calculator - [POWER - 2.0 RAISED TO] 3.0
2023-03-26 19:15:51.518 [main] INFO  calculator.Calculator - [RESULT - POWER] - 8.0
2023-03-26 19:15:51.518 [main] INFO  calculator.Calculator - [POWER - 1.0 RAISED TO] 3.0
2023-03-26 19:15:51.518 [main] INFO  calculator.Calculator - [RESULT - POWER] - 1.0
2023-03-26 19:15:51.518 [main] INFO  calculator.Calculator - [POWER - 3.0 RAISED TO] 4.0
2023-03-26 19:15:51.519 [main] INFO  calculator.Calculator - [RESULT - POWER] - 81.0
2023-03-26 19:15:51.519 [main] INFO  calculator.Calculator - [POWER - 4.0 RAISED TO] 3.0
2023-03-26 19:15:51.519 [main] INFO  calculator.Calculator - [RESULT - POWER] - 64.0
2023-03-26 19:15:51.519 [main] INFO  calculator.Calculator - [POWER - 5.0 RAISED TO] 2.0
2023-03-26 19:15:51.519 [main] INFO  calculator.Calculator - [RESULT - POWER] - 25.0
2023-03-26 19:15:51.520 [main] INFO  calculator.Calculator - [NATURAL LOG] - 2.4
2023-03-26 19:15:51.520 [main] INFO  calculator.Calculator - [RESULT - NATURAL LOG] - 0.8754687373538999
2023-03-26 19:15:51.520 [main] INFO  calculator.Calculator - [NATURAL LOG] - 2.1
2023-03-26 19:15:51.521 [main] INFO  calculator.Calculator - [RESULT - NATURAL LOG] - 0.7419373447293773
2023-03-26 19:15:51.521 [main] INFO  calculator.Calculator - [DIVISION] - 4.0 BY 78.3221
2023-03-26 19:15:51.521 [main] INFO  calculator.Calculator - [RESULT - DIVISION] - 19.580525
2023-03-26 19:15:51.521 [main] INFO  calculator.Calculator - [DIVISION] - 1.0 BY 9.0
2023-03-26 19:15:51.522 [main] INFO  calculator.Calculator - [RESULT - DIVISION] - 9.0
2023-03-26 19:15:51.522 [main] INFO  calculator.Calculator - [SUBTRACTION] - 0.678 FROM 2.34
2023-03-26 19:15:51.523 [main] INFO  calculator.Calculator - [RESULT - SUBTRACTION] - 1.662
2023-03-26 19:15:51.523 [main] INFO  calculator.Calculator - [SUBTRACTION] - 3.45672 FROM 9.0
2023-03-26 19:15:51.523 [main] INFO  calculator.Calculator - [RESULT - SUBTRACTION] - 5.54328
